c:\users\dell\desktop\snakejuego\snakejuego\debug\vc141.pdb
c:\users\dell\desktop\snakejuego\snakejuego\debug\vc141.idb
c:\users\dell\desktop\snakejuego\snakejuego\debug\food.obj
c:\users\dell\desktop\snakejuego\snakejuego\debug\main.obj
c:\users\dell\desktop\snakejuego\snakejuego\debug\snake.obj
c:\users\dell\documents\prograiii\trabajosprograiii\snakejuego\snakejuego\debug\vc141.pdb
c:\users\dell\documents\prograiii\trabajosprograiii\snakejuego\snakejuego\debug\vc141.idb
c:\users\dell\documents\prograiii\trabajosprograiii\snakejuego\snakejuego\debug\food.obj
c:\users\dell\documents\prograiii\trabajosprograiii\snakejuego\snakejuego\debug\main.obj
c:\users\dell\documents\prograiii\trabajosprograiii\snakejuego\snakejuego\debug\snake.obj
c:\users\dell\desktop\snakejuego\debug\snakejuego.exe
c:\users\dell\desktop\snakejuego\debug\snakejuego.ilk
c:\users\dell\desktop\snakejuego\debug\snakejuego.pdb
c:\users\dell\documents\prograiii\trabajosprograiii\snakejuego\debug\snakejuego.exe
c:\users\dell\documents\prograiii\trabajosprograiii\snakejuego\debug\snakejuego.ilk
c:\users\dell\documents\prograiii\trabajosprograiii\snakejuego\debug\snakejuego.pdb
c:\users\dell\documents\prograiii\trabajosprograiii\snakejuego\snakejuego\debug\main.obj.enc
c:\users\dell\documents\prograiii\trabajosprograiii\snakejuego\snakejuego\debug\snake.obj.enc
c:\users\dell\documents\prograiii\trabajosprograiii\snakejuego\snakejuego\debug\snakejuego.tlog\cl.command.1.tlog
c:\users\dell\documents\prograiii\trabajosprograiii\snakejuego\snakejuego\debug\snakejuego.tlog\cl.read.1.tlog
c:\users\dell\documents\prograiii\trabajosprograiii\snakejuego\snakejuego\debug\snakejuego.tlog\cl.write.1.tlog
c:\users\dell\documents\prograiii\trabajosprograiii\snakejuego\snakejuego\debug\snakejuego.tlog\link.command.1.tlog
c:\users\dell\documents\prograiii\trabajosprograiii\snakejuego\snakejuego\debug\snakejuego.tlog\link.read.1.tlog
c:\users\dell\documents\prograiii\trabajosprograiii\snakejuego\snakejuego\debug\snakejuego.tlog\link.write.1.tlog
